Determining if the pthread_create exist failed with the following output:
Change Dir: /autofs/unityaccount/cremi/bcastet/Bureau/MDS3D/build/CMakeFiles/CMakeTmp

Run Build Command:"/usr/bin/make" "cmTC_d75db/fast"
/usr/bin/make -f CMakeFiles/cmTC_d75db.dir/build.make CMakeFiles/cmTC_d75db.dir/build
make[1] : on entre dans le répertoire « /autofs/unityaccount/cremi/bcastet/Bureau/MDS3D/build/CMakeFiles/CMakeTmp »
Building C object CMakeFiles/cmTC_d75db.dir/CheckSymbolExists.c.o
/usr/bin/cc     -o CMakeFiles/cmTC_d75db.dir/CheckSymbolExists.c.o   -c /autofs/unityaccount/cremi/bcastet/Bureau/MDS3D/build/CMakeFiles/CMakeTmp/CheckSymbolExists.c
Linking C executable cmTC_d75db
/usr/bin/cmake -E cmake_link_script CMakeFiles/cmTC_d75db.dir/link.txt --verbose=1
/usr/bin/cc       CMakeFiles/cmTC_d75db.dir/CheckSymbolExists.c.o  -o cmTC_d75db -rdynamic 
CMakeFiles/cmTC_d75db.dir/CheckSymbolExists.c.o : Dans la fonction « main » :
CheckSymbolExists.c:(.text+0x1b) : référence indéfinie vers « pthread_create »
collect2: error: ld returned 1 exit status
CMakeFiles/cmTC_d75db.dir/build.make:97 : la recette pour la cible « cmTC_d75db » a échouée
make[1]: *** [cmTC_d75db] Erreur 1
make[1] : on quitte le répertoire « /autofs/unityaccount/cremi/bcastet/Bureau/MDS3D/build/CMakeFiles/CMakeTmp »
Makefile:126 : la recette pour la cible « cmTC_d75db/fast » a échouée
make: *** [cmTC_d75db/fast] Erreur 2

File /autofs/unityaccount/cremi/bcastet/Bureau/MDS3D/build/CMakeFiles/CMakeTmp/CheckSymbolExists.c:
/* */
#include <pthread.h>

int main(int argc, char** argv)
{
  (void)argv;
#ifndef pthread_create
  return ((int*)(&pthread_create))[argc];
#else
  (void)argc;
  return 0;
#endif
}

Determining if the function pthread_create exists in the pthreads failed with the following output:
Change Dir: /autofs/unityaccount/cremi/bcastet/Bureau/MDS3D/build/CMakeFiles/CMakeTmp

Run Build Command:"/usr/bin/make" "cmTC_79f35/fast"
/usr/bin/make -f CMakeFiles/cmTC_79f35.dir/build.make CMakeFiles/cmTC_79f35.dir/build
make[1] : on entre dans le répertoire « /autofs/unityaccount/cremi/bcastet/Bureau/MDS3D/build/CMakeFiles/CMakeTmp »
Building C object CMakeFiles/cmTC_79f35.dir/CheckFunctionExists.c.o
/usr/bin/cc    -DCHECK_FUNCTION_EXISTS=pthread_create   -o CMakeFiles/cmTC_79f35.dir/CheckFunctionExists.c.o   -c /usr/share/cmake-3.7/Modules/CheckFunctionExists.c
Linking C executable cmTC_79f35
/usr/bin/cmake -E cmake_link_script CMakeFiles/cmTC_79f35.dir/link.txt --verbose=1
/usr/bin/cc   -DCHECK_FUNCTION_EXISTS=pthread_create    CMakeFiles/cmTC_79f35.dir/CheckFunctionExists.c.o  -o cmTC_79f35 -rdynamic -lpthreads 
/usr/bin/ld : ne peut trouver -lpthreads
collect2: error: ld returned 1 exit status
CMakeFiles/cmTC_79f35.dir/build.make:97 : la recette pour la cible « cmTC_79f35 » a échouée
make[1]: *** [cmTC_79f35] Erreur 1
make[1] : on quitte le répertoire « /autofs/unityaccount/cremi/bcastet/Bureau/MDS3D/build/CMakeFiles/CMakeTmp »
Makefile:126 : la recette pour la cible « cmTC_79f35/fast » a échouée
make: *** [cmTC_79f35/fast] Erreur 2


